<?xml version="1.0" encoding="UTF-8"?>
<!-- Generated by org.testng.reporters.JUnitXMLReporter -->
<testsuite ignored="1" hostname="DESKTOP-41G56EL" failures="0" tests="3" name="GRP-reg,smoke" time="0.194" errors="0" timestamp="2025-03-06T13:10:57 IST">
  <testcase classname="com.selenium.day9.Class2" name="test1" time="0.039"/>
  <testcase classname="com.selenium.day9.Class2" name="test2" time="0.005"/>
  <testcase classname="com.selenium.day9.Class2" name="test4" time="0.003"/>
  <testcase classname="com.selenium.day9.Class2" name="test3" time="0.0">
    <ignored/>
  </testcase> <!-- test3 -->
</testsuite> <!-- GRP-reg,smoke -->
