<?xml version="1.0" encoding="UTF-8"?>
<!-- Generated by org.testng.reporters.JUnitXMLReporter -->
<testsuite ignored="2" hostname="DESKTOP-41G56EL" failures="0" tests="2" name="GRP-reg" time="0.103" errors="0" timestamp="2025-03-06T13:10:23 IST">
  <testcase classname="com.selenium.day9.Class2" name="test2" time="0.018"/>
  <testcase classname="com.selenium.day9.Class2" name="test4" time="0.007"/>
  <testcase classname="com.selenium.day9.Class2" name="test1" time="0.0">
    <ignored/>
  </testcase> <!-- test1 -->
  <testcase classname="com.selenium.day9.Class2" name="test3" time="0.0">
    <ignored/>
  </testcase> <!-- test3 -->
</testsuite> <!-- GRP-reg -->
