<?xml version="1.0" encoding="UTF-8"?>
<!-- Generated by org.testng.reporters.JUnitXMLReporter -->
<testsuite ignored="2" hostname="DESKTOP-41G56EL" failures="0" tests="4" name="Test" time="0.153" errors="0" timestamp="2025-03-11T10:53:22 IST">
  <testcase classname="com.selenium.day14.PTest2" name="test1" time="0.023"/>
  <testcase classname="com.selenium.day14.PTests" name="test1" time="0.024"/>
  <testcase classname="com.selenium.day14.PTest2" name="test2" time="0.003"/>
  <testcase classname="com.selenium.day14.PTests" name="test2" time="0.017"/>
  <testcase classname="com.selenium.day14.PTests" name="test3" time="0.0">
    <ignored/>
  </testcase> <!-- test3 -->
  <testcase classname="com.selenium.day14.PTests" name="test4" time="0.0">
    <ignored/>
  </testcase> <!-- test4 -->
</testsuite> <!-- Test -->
