<?xml version="1.0" encoding="UTF-8"?>
<!-- Generated by org.testng.reporters.JUnitXMLReporter -->
<testsuite ignored="2" hostname="DESKTOP-41G56EL" failures="0" tests="2" name="Test" time="0.189" errors="0" timestamp="2025-03-06T13:24:43 IST">
  <testcase classname="com.selenium.day9.Class2" name="test1" time="0.028"/>
  <testcase classname="com.selenium.day9.Class2" name="test3" time="0.004"/>
  <testcase classname="com.selenium.day9.Class2" name="test4" time="0.0">
    <ignored/>
  </testcase> <!-- test4 -->
  <testcase classname="com.selenium.day9.Class2" name="test2" time="0.0">
    <ignored/>
  </testcase> <!-- test2 -->
</testsuite> <!-- Test -->
