<?xml version="1.0" encoding="UTF-8"?>
<testng-results ignored="0" total="2" passed="2" failed="0" skipped="0">
  <reporter-output>
  </reporter-output>
  <suite started-at="2025-03-08T12:38:24 IST" name="Default suite" finished-at="2025-03-08T12:38:24 IST" duration-ms="100">
    <groups>
    </groups>
    <test started-at="2025-03-08T12:38:24 IST" name="Default test" finished-at="2025-03-08T12:38:24 IST" duration-ms="100">
      <class name="com.selenium.day12.OtherAttributes">
        <test-method signature="login()[pri:0, instance:com.selenium.day12.OtherAttributes@3b0090a4]" started-at="2025-03-08T12:38:24 IST" name="login" finished-at="2025-03-08T12:38:24 IST" duration-ms="22" status="PASS">
          <reporter-output>
          </reporter-output>
        </test-method> <!-- login -->
        <test-method signature="logout()[pri:0, instance:com.selenium.day12.OtherAttributes@3b0090a4]" started-at="2025-03-08T12:38:24 IST" name="logout" finished-at="2025-03-08T12:38:24 IST" depends-on-methods="com.selenium.day12.OtherAttributes.login" duration-ms="2" status="PASS">
          <reporter-output>
          </reporter-output>
        </test-method> <!-- logout -->
      </class> <!-- com.selenium.day12.OtherAttributes -->
    </test> <!-- Default test -->
  </suite> <!-- Default suite -->
</testng-results>
