<?xml version="1.0" encoding="UTF-8"?>
<testng-results ignored="0" total="1" passed="1" failed="0" skipped="0">
  <reporter-output>
  </reporter-output>
  <suite started-at="2025-03-11T11:38:54 IST" name="Default suite" finished-at="2025-03-11T11:39:07 IST" duration-ms="12515">
    <groups>
    </groups>
    <test started-at="2025-03-11T11:38:54 IST" name="Default test" finished-at="2025-03-11T11:39:07 IST" duration-ms="12515">
      <class name="com.selenium.day14.POM.LoginTest">
        <test-method signature="loginTest()[pri:0, instance:com.selenium.day14.POM.LoginTest@15de0b3c]" started-at="2025-03-11T11:38:54 IST" name="loginTest" finished-at="2025-03-11T11:39:07 IST" duration-ms="12419" status="PASS">
          <reporter-output>
          </reporter-output>
        </test-method> <!-- loginTest -->
      </class> <!-- com.selenium.day14.POM.LoginTest -->
    </test> <!-- Default test -->
  </suite> <!-- Default suite -->
</testng-results>
